生成启动时间为 2020/4/10 10:16:06。
     1>项目“C:\Users\邢雨雨\Documents\C代码\test -4-9\test -4-9\test -4-9.vcxproj”在节点 2 上(Build 个目标)。
     1>ClCompile:
         C:\Program Files (x86)\Microsoft Visual Studio 12.0\VC\bin\CL.exe /c /ZI /nologo /W3 /WX- /sdl /Od /Oy- /D _MBCS /Gm /EHsc /RTC1 /MDd /GS /fp:precise /Zc:wchar_t /Zc:forScope /Fo"Debug\\" /Fd"Debug\vc120.pdb" /Gd /TC /analyze- /errorReport:prompt test.c
         test.c
       Link:
         C:\Program Files (x86)\Microsoft Visual Studio 12.0\VC\bin\link.exe /ERRORREPORT:PROMPT /OUT:"C:\Users\邢雨雨\Documents\C代码\test -4-9\Debug\test -4-9.exe" /INCREMENTAL /NOLOGO kernel32.lib user32.lib gdi32.lib winspool.lib comdlg32.lib advapi32.lib shell32.lib ole32.lib oleaut32.lib uuid.lib odbc32.lib odbccp32.lib /MANIFEST /MANIFESTUAC:"level='asInvoker' uiAccess='false'" /manifest:embed /DEBUG /PDB:"C:\Users\邢雨雨\Documents\C代码\test -4-9\Debug\test -4-9.pdb" /SUBSYSTEM:CONSOLE /TLBID:1 /DYNAMICBASE /NXCOMPAT /IMPLIB:"C:\Users\邢雨雨\Documents\C代码\test -4-9\Debug\test -4-9.lib" /MACHINE:X86 Debug\test.obj
     1>MSVCRTD.lib(crtexe.obj) : error LNK2019: 无法解析的外部符号 _main，该符号在函数 ___tmainCRTStartup 中被引用
     1>C:\Users\邢雨雨\Documents\C代码\test -4-9\Debug\test -4-9.exe : fatal error LNK1120: 1 个无法解析的外部命令
     1>已完成生成项目“C:\Users\邢雨雨\Documents\C代码\test -4-9\test -4-9\test -4-9.vcxproj”(Build 个目标)的操作 - 失败。

生成失败。

已用时间 00:00:00.73
